::1 - - [06/Sep/2022:05:07:18 +0000] "GET /api-docs/ HTTP/1.1" 200 3103
::1 - - [06/Sep/2022:05:07:18 +0000] "GET /api-docs/swagger-ui-init.js HTTP/1.1" 200 1584
::1 - - [06/Sep/2022:05:07:18 +0000] "GET /api-docs/swagger-ui.css HTTP/1.1" 200 144726
::1 - - [06/Sep/2022:05:07:18 +0000] "GET /api-docs/swagger-ui-standalone-preset.js HTTP/1.1" 200 311812
::1 - - [06/Sep/2022:05:07:18 +0000] "GET /api-docs/swagger-ui-bundle.js HTTP/1.1" 200 1058187
::1 - - [06/Sep/2022:05:07:19 +0000] "GET /api-docs/favicon-32x32.png HTTP/1.1" 200 628
::1 - - [06/Sep/2022:05:12:35 +0000] "GET /api-docs/ HTTP/1.1" 304 -
::1 - - [06/Sep/2022:05:12:35 +0000] "GET /api-docs/swagger-ui.css HTTP/1.1" 304 -
::1 - - [06/Sep/2022:05:12:35 +0000] "GET /api-docs/swagger-ui-init.js HTTP/1.1" 304 -
::1 - - [06/Sep/2022:05:12:35 +0000] "GET /api-docs/swagger-ui-bundle.js HTTP/1.1" 304 -
::1 - - [06/Sep/2022:05:12:35 +0000] "GET /api-docs/swagger-ui-standalone-preset.js HTTP/1.1" 304 -
::1 - - [06/Sep/2022:05:12:35 +0000] "GET /api-docs/favicon-32x32.png HTTP/1.1" 304 -
::1 - - [06/Sep/2022:05:12:37 +0000] "GET /api-docs/ HTTP/1.1" 304 -
::1 - - [06/Sep/2022:05:12:37 +0000] "GET /api-docs/swagger-ui-init.js HTTP/1.1" 304 -
::1 - - [06/Sep/2022:05:12:37 +0000] "GET /api-docs/swagger-ui.css HTTP/1.1" 304 -
::1 - - [06/Sep/2022:05:12:37 +0000] "GET /api-docs/swagger-ui-bundle.js HTTP/1.1" 304 -
::1 - - [06/Sep/2022:05:12:37 +0000] "GET /api-docs/swagger-ui-standalone-preset.js HTTP/1.1" 304 -
::1 - - [06/Sep/2022:05:12:37 +0000] "GET /api-docs/favicon-32x32.png HTTP/1.1" 304 -
::1 - - [06/Sep/2022:05:12:46 +0000] "GET /api-docs/ HTTP/1.1" 304 -
::1 - - [06/Sep/2022:05:12:46 +0000] "GET /api-docs/swagger-ui.css HTTP/1.1" 304 -
::1 - - [06/Sep/2022:05:12:46 +0000] "GET /api-docs/swagger-ui-bundle.js HTTP/1.1" 304 -
::1 - - [06/Sep/2022:05:12:46 +0000] "GET /api-docs/swagger-ui-init.js HTTP/1.1" 304 -
::1 - - [06/Sep/2022:05:12:46 +0000] "GET /api-docs/swagger-ui-standalone-preset.js HTTP/1.1" 304 -
::1 - - [06/Sep/2022:05:12:47 +0000] "GET /api-docs/favicon-32x32.png HTTP/1.1" 304 -
::1 - - [06/Sep/2022:05:12:56 +0000] "GET /api-docs/ HTTP/1.1" 304 -
::1 - - [06/Sep/2022:05:12:56 +0000] "GET /api-docs/swagger-ui-standalone-preset.js HTTP/1.1" 304 -
::1 - - [06/Sep/2022:05:12:56 +0000] "GET /api-docs/swagger-ui.css HTTP/1.1" 304 -
::1 - - [06/Sep/2022:05:12:56 +0000] "GET /api-docs/swagger-ui-bundle.js HTTP/1.1" 304 -
::1 - - [06/Sep/2022:05:12:56 +0000] "GET /api-docs/swagger-ui-init.js HTTP/1.1" 200 3820
::1 - - [06/Sep/2022:05:12:56 +0000] "GET /api-docs/favicon-32x32.png HTTP/1.1" 304 -
::1 - - [06/Sep/2022:05:12:58 +0000] "GET /api-docs/ HTTP/1.1" 304 -
::1 - - [06/Sep/2022:05:12:58 +0000] "GET /api-docs/swagger-ui-init.js HTTP/1.1" 304 -
::1 - - [06/Sep/2022:05:12:58 +0000] "GET /api-docs/swagger-ui-bundle.js HTTP/1.1" 304 -
::1 - - [06/Sep/2022:05:12:58 +0000] "GET /api-docs/swagger-ui.css HTTP/1.1" 304 -
::1 - - [06/Sep/2022:05:12:58 +0000] "GET /api-docs/swagger-ui-standalone-preset.js HTTP/1.1" 304 -
::1 - - [06/Sep/2022:05:12:58 +0000] "GET /api-docs/favicon-32x32.png HTTP/1.1" 304 -
::1 - - [06/Sep/2022:05:13:41 +0000] "GET /api-docs/ HTTP/1.1" 304 -
::1 - - [06/Sep/2022:05:13:41 +0000] "GET /api-docs/swagger-ui.css HTTP/1.1" 304 -
::1 - - [06/Sep/2022:05:13:41 +0000] "GET /api-docs/swagger-ui-init.js HTTP/1.1" 200 3821
::1 - - [06/Sep/2022:05:13:41 +0000] "GET /api-docs/swagger-ui-bundle.js HTTP/1.1" 304 -
::1 - - [06/Sep/2022:05:13:41 +0000] "GET /api-docs/swagger-ui-standalone-preset.js HTTP/1.1" 304 -
::1 - - [06/Sep/2022:05:13:42 +0000] "GET /api-docs/favicon-32x32.png HTTP/1.1" 304 -
::1 - - [06/Sep/2022:05:13:52 +0000] "POST /api/register/users HTTP/1.1" 500 114
::1 - - [06/Sep/2022:05:14:15 +0000] "POST /api/register/users HTTP/1.1" 500 145
::1 - - [06/Sep/2022:05:14:37 +0000] "POST /api/register/users HTTP/1.1" 500 117
::1 - - [06/Sep/2022:05:15:39 +0000] "POST /api/register/users HTTP/1.1" 400 101
::1 - - [06/Sep/2022:05:15:50 +0000] "POST /api/register/users HTTP/1.1" 200 353
::1 - - [06/Sep/2022:05:18:43 +0000] "GET /api-docs/ HTTP/1.1" 304 -
::1 - - [06/Sep/2022:05:18:43 +0000] "GET /api-docs/swagger-ui.css HTTP/1.1" 304 -
::1 - - [06/Sep/2022:05:18:43 +0000] "GET /api-docs/swagger-ui-init.js HTTP/1.1" 200 5788
::1 - - [06/Sep/2022:05:18:43 +0000] "GET /api-docs/swagger-ui-bundle.js HTTP/1.1" 304 -
::1 - - [06/Sep/2022:05:18:43 +0000] "GET /api-docs/swagger-ui-standalone-preset.js HTTP/1.1" 304 -
::1 - - [06/Sep/2022:05:18:43 +0000] "GET /api-docs/favicon-32x32.png HTTP/1.1" 304 -
::1 - - [06/Sep/2022:05:19:58 +0000] "GET /api-docs/ HTTP/1.1" 304 -
::1 - - [06/Sep/2022:05:19:58 +0000] "GET /api-docs/swagger-ui.css HTTP/1.1" 304 -
::1 - - [06/Sep/2022:05:19:58 +0000] "GET /api-docs/swagger-ui-bundle.js HTTP/1.1" 304 -
::1 - - [06/Sep/2022:05:19:58 +0000] "GET /api-docs/swagger-ui-init.js HTTP/1.1" 304 -
::1 - - [06/Sep/2022:05:19:58 +0000] "GET /api-docs/swagger-ui-standalone-preset.js HTTP/1.1" 304 -
::1 - - [06/Sep/2022:05:19:58 +0000] "GET /api-docs/favicon-32x32.png HTTP/1.1" 304 -
::1 - - [06/Sep/2022:05:20:10 +0000] "GET /api-docs/ HTTP/1.1" 304 -
::1 - - [06/Sep/2022:05:20:10 +0000] "GET /api-docs/swagger-ui.css HTTP/1.1" 304 -
::1 - - [06/Sep/2022:05:20:10 +0000] "GET /api-docs/swagger-ui-bundle.js HTTP/1.1" 304 -
::1 - - [06/Sep/2022:05:20:10 +0000] "GET /api-docs/swagger-ui-init.js HTTP/1.1" 200 5791
::1 - - [06/Sep/2022:05:20:10 +0000] "GET /api-docs/swagger-ui-standalone-preset.js HTTP/1.1" 304 -
::1 - - [06/Sep/2022:05:20:11 +0000] "GET /api-docs/favicon-32x32.png HTTP/1.1" 304 -
::1 - - [06/Sep/2022:05:20:34 +0000] "GET /api-docs/ HTTP/1.1" 304 -
::1 - - [06/Sep/2022:05:20:34 +0000] "GET /api-docs/swagger-ui.css HTTP/1.1" 304 -
::1 - - [06/Sep/2022:05:20:34 +0000] "GET /api-docs/swagger-ui-bundle.js HTTP/1.1" 304 -
::1 - - [06/Sep/2022:05:20:34 +0000] "GET /api-docs/swagger-ui-init.js HTTP/1.1" 200 5798
::1 - - [06/Sep/2022:05:20:34 +0000] "GET /api-docs/swagger-ui-standalone-preset.js HTTP/1.1" 304 -
::1 - - [06/Sep/2022:05:20:34 +0000] "GET /api-docs/favicon-32x32.png HTTP/1.1" 304 -
::1 - - [06/Sep/2022:05:20:45 +0000] "POST /api/register/admins HTTP/1.1" 500 111
::1 - - [06/Sep/2022:05:22:12 +0000] "POST /api/register/admins HTTP/1.1" 400 122
::1 - - [06/Sep/2022:05:22:26 +0000] "POST /api/register/admins HTTP/1.1" 500 110
::1 - - [06/Sep/2022:05:23:48 +0000] "POST /api/register/admins HTTP/1.1" 500 110
::1 - - [06/Sep/2022:05:24:12 +0000] "POST /api/register/admins HTTP/1.1" 500 257
::1 - - [06/Sep/2022:05:24:54 +0000] "POST /api/register/admins HTTP/1.1" 500 145
::1 - - [06/Sep/2022:05:25:15 +0000] "POST /api/register/admins HTTP/1.1" 200 393
::1 - - [06/Sep/2022:05:38:36 +0000] "GET /api-docs/ HTTP/1.1" 304 -
::1 - - [06/Sep/2022:05:38:36 +0000] "GET /api-docs/swagger-ui.css HTTP/1.1" 304 -
::1 - - [06/Sep/2022:05:38:36 +0000] "GET /api-docs/swagger-ui-bundle.js HTTP/1.1" 304 -
::1 - - [06/Sep/2022:05:38:36 +0000] "GET /api-docs/swagger-ui-init.js HTTP/1.1" 304 -
::1 - - [06/Sep/2022:05:38:36 +0000] "GET /api-docs/swagger-ui-standalone-preset.js HTTP/1.1" 304 -
::1 - - [06/Sep/2022:05:38:36 +0000] "GET /api-docs/favicon-32x32.png HTTP/1.1" 304 -
::1 - - [06/Sep/2022:05:38:54 +0000] "POST /api/register/admins HTTP/1.1" 400 122
::1 - - [06/Sep/2022:05:39:05 +0000] "POST /api/register/admins HTTP/1.1" 400 121
::1 - - [06/Sep/2022:05:39:13 +0000] "POST /api/register/admins HTTP/1.1" 400 121
::1 - - [06/Sep/2022:05:39:26 +0000] "POST /api/register/admins HTTP/1.1" 200 416
::1 - - [06/Sep/2022:06:24:30 +0000] "GET /api-docs/ HTTP/1.1" 304 -
::1 - - [06/Sep/2022:06:24:30 +0000] "GET /api-docs/swagger-ui.css HTTP/1.1" 304 -
::1 - - [06/Sep/2022:06:24:30 +0000] "GET /api-docs/swagger-ui-bundle.js HTTP/1.1" 304 -
::1 - - [06/Sep/2022:06:24:30 +0000] "GET /api-docs/swagger-ui-init.js HTTP/1.1" 200 6986
::1 - - [06/Sep/2022:06:24:30 +0000] "GET /api-docs/swagger-ui-standalone-preset.js HTTP/1.1" 304 -
::1 - - [06/Sep/2022:06:24:30 +0000] "GET /api-docs/favicon-32x32.png HTTP/1.1" 304 -
::1 - - [06/Sep/2022:06:25:15 +0000] "POST /api/auth/login HTTP/1.1" 404 154
::1 - - [06/Sep/2022:06:26:05 +0000] "POST /api/auth/login HTTP/1.1" 400 93
::1 - - [06/Sep/2022:06:28:09 +0000] "POST /api/auth/login HTTP/1.1" 500 119
::1 - - [06/Sep/2022:06:28:26 +0000] "POST /api/auth/login HTTP/1.1" 500 122
::1 - - [06/Sep/2022:06:28:54 +0000] "POST /api/auth/login HTTP/1.1" 400 100
::1 - - [06/Sep/2022:06:29:33 +0000] "POST /api/register/admins HTTP/1.1" 400 121
::1 - - [06/Sep/2022:06:29:43 +0000] "POST /api/register/admins HTTP/1.1" 400 122
::1 - - [06/Sep/2022:06:29:52 +0000] "POST /api/register/admins HTTP/1.1" 200 409
::1 - - [06/Sep/2022:06:30:08 +0000] "POST /api/auth/login HTTP/1.1" 200 565
::1 - - [06/Sep/2022:06:49:57 +0000] "GET /api-docs/ HTTP/1.1" 304 -
::1 - - [06/Sep/2022:06:49:57 +0000] "GET /api-docs/swagger-ui-init.js HTTP/1.1" 200 7353
::1 - - [06/Sep/2022:06:49:57 +0000] "GET /api-docs/swagger-ui.css HTTP/1.1" 304 -
::1 - - [06/Sep/2022:06:49:57 +0000] "GET /api-docs/swagger-ui-bundle.js HTTP/1.1" 304 -
::1 - - [06/Sep/2022:06:49:57 +0000] "GET /api-docs/swagger-ui-standalone-preset.js HTTP/1.1" 304 -
::1 - - [06/Sep/2022:06:49:58 +0000] "GET /api-docs/favicon-32x32.png HTTP/1.1" 304 -
::1 - - [06/Sep/2022:06:50:03 +0000] "GET /api/users HTTP/1.1" 401 111
::1 - - [06/Sep/2022:06:50:19 +0000] "POST /api/auth/login HTTP/1.1" 400 100
::1 - - [06/Sep/2022:06:50:28 +0000] "POST /api/auth/login HTTP/1.1" 200 565
::1 - - [06/Sep/2022:06:50:45 +0000] "GET /api/users HTTP/1.1" 404 148
::1 - - [06/Sep/2022:06:51:24 +0000] "GET /api/users HTTP/1.1" 404 148
::1 - - [06/Sep/2022:06:52:13 +0000] "GET /api/users HTTP/1.1" 200 1544
::ffff:127.0.0.1 - - [06/Sep/2022:06:53:00 +0000] "GET /api-docs/ HTTP/1.1" 304 -
::ffff:127.0.0.1 - - [06/Sep/2022:06:53:00 +0000] "GET /api-docs/swagger-ui.css HTTP/1.1" 304 -
::ffff:127.0.0.1 - - [06/Sep/2022:06:53:00 +0000] "GET /api-docs/swagger-ui-bundle.js HTTP/1.1" 304 -
::ffff:127.0.0.1 - - [06/Sep/2022:06:53:00 +0000] "GET /api-docs/swagger-ui-init.js HTTP/1.1" 304 -
::1 - - [06/Sep/2022:06:53:00 +0000] "GET /api-docs/swagger-ui-standalone-preset.js HTTP/1.1" 304 -
::1 - - [06/Sep/2022:06:53:00 +0000] "GET /api-docs/favicon-32x32.png HTTP/1.1" 304 -
::1 - - [06/Sep/2022:06:53:03 +0000] "GET /api-docs/ HTTP/1.1" 304 -
::ffff:127.0.0.1 - - [06/Sep/2022:06:53:03 +0000] "GET /api-docs/swagger-ui-init.js HTTP/1.1" 304 -
::1 - - [06/Sep/2022:06:53:03 +0000] "GET /api-docs/swagger-ui.css HTTP/1.1" 304 -
::ffff:127.0.0.1 - - [06/Sep/2022:06:53:03 +0000] "GET /api-docs/swagger-ui-bundle.js HTTP/1.1" 304 -
::ffff:127.0.0.1 - - [06/Sep/2022:06:53:03 +0000] "GET /api-docs/swagger-ui-standalone-preset.js HTTP/1.1" 304 -
::ffff:127.0.0.1 - - [06/Sep/2022:06:53:05 +0000] "GET /api-docs HTTP/1.1" 301 183
::ffff:127.0.0.1 - - [06/Sep/2022:06:53:06 +0000] "GET /api-docs/ HTTP/1.1" 304 -
::ffff:127.0.0.1 - - [06/Sep/2022:06:53:06 +0000] "GET /api-docs/swagger-ui-init.js HTTP/1.1" 304 -
::ffff:127.0.0.1 - - [06/Sep/2022:06:53:06 +0000] "GET /api-docs/swagger-ui.css HTTP/1.1" 304 -
::ffff:127.0.0.1 - - [06/Sep/2022:06:53:06 +0000] "GET /api-docs/swagger-ui-bundle.js HTTP/1.1" 304 -
::1 - - [06/Sep/2022:06:53:06 +0000] "GET /api-docs/swagger-ui-standalone-preset.js HTTP/1.1" 304 -
::1 - - [06/Sep/2022:06:53:15 +0000] "GET /api-docs/ HTTP/1.1" 304 -
::1 - - [06/Sep/2022:06:53:15 +0000] "GET /api-docs/swagger-ui.css HTTP/1.1" 304 -
::1 - - [06/Sep/2022:06:53:15 +0000] "GET /api-docs/swagger-ui-bundle.js HTTP/1.1" 304 -
::1 - - [06/Sep/2022:06:53:15 +0000] "GET /api-docs/swagger-ui-standalone-preset.js HTTP/1.1" 304 -
::1 - - [06/Sep/2022:06:53:15 +0000] "GET /api-docs/swagger-ui-init.js HTTP/1.1" 304 -
